Determining if the function wsyncup exists in the /usr/lib/x86_64-linux-gnu/libcurses.so passed with the following output:
Change Dir: /root/temp/cmake-3.17.2/Source/Checks/Curses-build/CMakeFiles/CMakeTmp

Run Build Command(s):/usr/bin/make cmTC_abb7a/fast && make  -f CMakeFiles/cmTC_abb7a.dir/build.make CMakeFiles/cmTC_abb7a.dir/build
make[1]: Entering directory '/root/temp/cmake-3.17.2/Source/Checks/Curses-build/CMakeFiles/CMakeTmp'
Building C object CMakeFiles/cmTC_abb7a.dir/CheckFunctionExists.c.o
/usr/bin/gcc   -DCHECK_FUNCTION_EXISTS=wsyncup   -o CMakeFiles/cmTC_abb7a.dir/CheckFunctionExists.c.o   -c /root/temp/cmake-3.17.2/Modules/CheckFunctionExists.c
Linking C executable cmTC_abb7a
/root/temp/cmake-3.17.2/Bootstrap.cmk/cmake -E cmake_link_script CMakeFiles/cmTC_abb7a.dir/link.txt --verbose=1
/usr/bin/gcc  -DCHECK_FUNCTION_EXISTS=wsyncup    -rdynamic CMakeFiles/cmTC_abb7a.dir/CheckFunctionExists.c.o  -o cmTC_abb7a  -lcurses 
make[1]: Leaving directory '/root/temp/cmake-3.17.2/Source/Checks/Curses-build/CMakeFiles/CMakeTmp'



Determining if the function cbreak exists in the /usr/lib/x86_64-linux-gnu/libncurses.so passed with the following output:
Change Dir: /root/temp/cmake-3.17.2/Source/Checks/Curses-build/CMakeFiles/CMakeTmp

Run Build Command(s):/usr/bin/make cmTC_4ce3e/fast && make  -f CMakeFiles/cmTC_4ce3e.dir/build.make CMakeFiles/cmTC_4ce3e.dir/build
make[1]: Entering directory '/root/temp/cmake-3.17.2/Source/Checks/Curses-build/CMakeFiles/CMakeTmp'
Building C object CMakeFiles/cmTC_4ce3e.dir/CheckFunctionExists.c.o
/usr/bin/gcc   -DCHECK_FUNCTION_EXISTS=cbreak   -o CMakeFiles/cmTC_4ce3e.dir/CheckFunctionExists.c.o   -c /root/temp/cmake-3.17.2/Modules/CheckFunctionExists.c
Linking C executable cmTC_4ce3e
/root/temp/cmake-3.17.2/Bootstrap.cmk/cmake -E cmake_link_script CMakeFiles/cmTC_4ce3e.dir/link.txt --verbose=1
/usr/bin/gcc  -DCHECK_FUNCTION_EXISTS=cbreak    -rdynamic CMakeFiles/cmTC_4ce3e.dir/CheckFunctionExists.c.o  -o cmTC_4ce3e  -lncurses 
make[1]: Leaving directory '/root/temp/cmake-3.17.2/Source/Checks/Curses-build/CMakeFiles/CMakeTmp'



